--- Checking Content Types ---
Slug: sora-in-the-studio-testing-ais-potential-for-theatrical-design
Type: object
Is Array: Yes
Has Gallery Block: false
---
Slug: lighting-styles-in-ai-models-how-lighting-changes-everything
Type: object
Is Array: Yes
Has Gallery Block: false
---
Slug: becoming-a-scenic-designer
Type: object
Is Array: Yes
Has Gallery Block: false
---
Slug: urinetown-scenic-design-building-a-dystopia-that-feels-uncomfortably-familiar
Type: object
Is Array: Yes
Has Gallery Block: true
---
Slug: post-1765355649399
Type: object
Is Array: Yes
Has Gallery Block: true
---
Slug: minimalist-theatre-2025
Type: object
Is Array: Yes
Has Gallery Block: false
---
Slug: scenic-rendering-principles
Type: object
Is Array: Yes
Has Gallery Block: false
---
Slug: Evolution-of-themed-entertainment 
Type: object
Is Array: Yes
Has Gallery Block: false
---
Slug: navigating-the-scenic-design-process-a-comprehensive-guide
Type: object
Is Array: Yes
Has Gallery Block: false
---
Slug: Building the Language of Cinema
Type: object
Is Array: Yes
Has Gallery Block: false
---
